>2017-12-27 11:23:13,235 INFO [XMLStructure.java:48] The xml file is upload successfully
>2017-12-27 11:23:13,260 INFO [XMLStructure.java:48] The xml file is upload successfully
>2017-12-27 11:24:36,247 INFO [XMLStructure.java:48] The xml file is upload successfully
>2017-12-27 11:24:36,253 INFO [XMLStructure.java:103] Output: 
 What is Java

>2017-12-27 11:24:36,257 INFO [XMLStructure.java:48] The xml file is upload successfully
>2017-12-27 11:24:36,257 INFO [XMLStructure.java:103] Output: 
 What is Java 
		java is a programming language 
		101
		Rolando
	 
		java is a plataform
		102
		Carlos David
	

>2017-12-27 11:24:54,990 INFO [XMLStructure.java:48] The xml file is upload successfully
>2017-12-27 11:24:55,003 INFO [XMLStructure.java:103] Output: 
 What is Java

>2017-12-27 11:24:55,010 INFO [XMLStructure.java:48] The xml file is upload successfully
>2017-12-27 11:24:55,011 INFO [XMLStructure.java:103] Output: 
 What is Java 
		java is a programming language 
		101
		Rolando
	 
		java is a plataform
		102
		Carlos David
	

>2017-12-27 11:25:08,336 INFO [XMLStructure.java:48] The xml file is upload successfully
>2017-12-27 11:25:08,343 INFO [XMLStructure.java:103] Output: 
 What is Java

>2017-12-27 11:25:08,347 INFO [XMLStructure.java:48] The xml file is upload successfully
>2017-12-27 11:25:08,347 INFO [XMLStructure.java:103] Output: 
 What is Java 
		java is a programming language 
		101
		Rolando
	 
		java is a plataform
		102
		Carlos David
	

>2017-12-27 11:45:49,608 INFO [XMLStructure.java:45] The xml file is upload successfully
>2017-12-27 11:45:49,632 INFO [XMLStructure.java:111] Output: 
 What is Java

>2017-12-27 11:45:49,641 INFO [XMLStructure.java:45] The xml file is upload successfully
>2017-12-27 11:45:49,642 INFO [XMLStructure.java:111] Output: 
 What is Java 
		java is a programming language 
		101
		Rolando
	 
		java is a plataform
		102
		Carlos David
	

>2017-12-27 11:54:56,981 INFO [XMLStructure.java:47] The xml file is upload successfully
>2017-12-27 11:54:56,996 INFO [XMLStructure.java:113] Output: 
 What is Java

>2017-12-27 11:54:57,002 INFO [XMLStructure.java:47] The xml file is upload successfully
>2017-12-27 11:54:57,003 INFO [XMLStructure.java:113] Output: 
 What is Java 
		java is a programming language 
		101
		Rolando
	 
		java is a plataform
		102
		Carlos David
	

>2017-12-27 11:55:13,100 INFO [XMLStructure.java:47] The xml file is upload successfully
>2017-12-27 11:56:48,315 INFO [XMLStructure.java:47] The xml file is upload successfully
>2017-12-27 11:56:48,323 INFO [XMLStructure.java:113] Output: 
 What is Java

>2017-12-27 11:56:48,326 INFO [XMLStructure.java:47] The xml file is upload successfully
>2017-12-27 11:56:48,326 INFO [XMLStructure.java:113] Output: 
 What is Java 
		java is a programming language 
		101
		Rolando
	 
		java is a plataform
		102
		Carlos David
	

>2017-12-27 11:57:01,936 INFO [XMLStructure.java:47] The xml file is upload successfully
>2017-12-27 12:04:33,820 INFO [XMLStructure.java:53] The xml file is upload successfully
>2017-12-27 12:04:33,831 INFO [XMLStructure.java:119] Output: 
 What is Java

>2017-12-27 12:04:33,835 INFO [XMLStructure.java:53] The xml file is upload successfully
>2017-12-27 12:04:33,836 INFO [XMLStructure.java:119] Output: 
 What is Java 
		java is a programming language 
		101
		Rolando
	 
		java is a plataform
		102
		Carlos David
	

>2017-12-27 12:04:48,753 INFO [XMLStructure.java:53] The xml file is upload successfully
>2017-12-27 12:16:03,406 INFO [XMLStructure.java:53] The xml file is upload successfully
>2017-12-27 12:16:03,413 INFO [XMLStructure.java:119] Output: 
 What is Java

>2017-12-27 12:16:03,416 INFO [XMLStructure.java:53] The xml file is upload successfully
>2017-12-27 12:16:03,416 INFO [XMLStructure.java:119] Output: 
 What is Java 
		java is a programming language 
		107
		Rolando
	 
		java is a plataform
		102
		Carlos David
	

>2017-12-27 12:16:03,419 INFO [XMLStructure.java:53] The xml file is upload successfully
>2017-12-27 12:16:03,484 INFO [XMLStructure.java:153] Update Xml Value Successful
>2017-12-27 12:16:22,620 INFO [XMLStructure.java:53] The xml file is upload successfully
>2017-12-27 12:16:22,637 INFO [XMLStructure.java:119] Output: 
 What is Java

>2017-12-27 12:16:22,644 INFO [XMLStructure.java:53] The xml file is upload successfully
>2017-12-27 12:16:22,644 INFO [XMLStructure.java:119] Output: 
 What is Java 
		java is a programming language 
		117
		Rolando
	 
		java is a plataform
		102
		Carlos David
	

>2017-12-27 12:16:22,648 INFO [XMLStructure.java:53] The xml file is upload successfully
>2017-12-27 12:16:22,730 INFO [XMLStructure.java:153] Update Xml Value Successful
